<?xml version="1.0" encoding="UTF-8"?>
<!-- Generated by org.testng.reporters.JUnitXMLReporter -->
<testsuite ignored="0" hostname="LAPTOP-2QJ21VUI" failures="0" tests="6" name="RegressionTests" time="6.736" errors="0" timestamp="2025-06-22T08:54:21 IST">
  <testcase classname="testclasses.Thridclass" name="fristOperation" time="0.045"/>
  <testcase classname="testclasses.Thridclass" name="secondOperation" time="0.049"/>
  <testcase classname="testclasses.Thridclass" name="thirdOperation" time="0.041"/>
  <testcase classname="testclasses.Thridclass" name="fourthOperation" time="0.049"/>
  <testcase classname="testclasses.Thridclass" name="fifthOperation" time="0.035"/>
  <testcase classname="testclasses.Thridclass" name="testValidLoginTest" time="0.0"/>
</testsuite> <!-- RegressionTests -->
