<?xml version="1.0" encoding="UTF-8"?>
<testng-results ignored="0" total="1" passed="1" failed="0" skipped="0">
  <reporter-output>
  </reporter-output>
  <suite started-at="2025-06-19T13:00:24 IST" name="Suite" finished-at="2025-06-19T13:02:18 IST" duration-ms="114263">
    <groups>
    </groups>
    <test started-at="2025-06-19T13:00:24 IST" name="Test" finished-at="2025-06-19T13:02:18 IST" duration-ms="114263">
      <class name="testclasses.Thridclass">
        <test-method is-config="true" signature="setup()[pri:0, instance:testclasses.Thridclass@708f5957]" started-at="2025-06-19T13:00:24 IST" name="setup" finished-at="2025-06-19T13:00:39 IST" duration-ms="15561" status="PASS">
          <reporter-output>
          </reporter-output>
        </test-method> <!-- setup -->
        <test-method signature="loginPageOpeeration()[pri:0, instance:testclasses.Thridclass@708f5957]" started-at="2025-06-19T13:00:39 IST" name="loginPageOpeeration" finished-at="2025-06-19T13:02:18 IST" duration-ms="98673" status="PASS">
          <reporter-output>
          </reporter-output>
        </test-method> <!-- loginPageOpeeration -->
      </class> <!-- testclasses.Thridclass -->
    </test> <!-- Test -->
  </suite> <!-- Suite -->
</testng-results>
